TimeStamp: 0620_2259
 {
  "root": "./data/fakeNews/",
  "train": "./data/gossipcop_v3_origin.json",
  "dev": "./data/fakeNews/balancedtest.csv",
  "test": "./data/fakeNews/test.xlsx",
  "pte": "",
  "entity_desc": "./data/fakeNews/entityDescCorpus.pkl",
  "entity_tran": "./data/fakeNews/entity_feature_transE.pkl",
  "adjs": "./data/fakeNews/adjs/",
  "emb_dim": 100,
  "hidden_dim": 100,
  "node_emb_dim": 32,
  "max_epochs": 15,
  "max_sent_len": 50,
  "max_sents_in_a_doc": 10000,
  "batch_size": 32,
  "lr": 0.001,
  "dropout": 0.5,
  "ntags": 4,
  "weight_decay": 1e-06,
  "pooling": "max",
  "model_file": "model_CompareNet_Max_DET_0620_2259.t7",
  "plot": 0,
  "mode": 0,
  "cuda": true,
  "device": 0,
  "HALF": true,
  "DEBUG": false,
  "node_type": 3,
  "repeat": 1,
  "seed": [
    5
  ],
  "config": "CompareNet_Max_DET_0620_2259"
}
Loading adj:  ./data/fakeNews/adjs//
Loading ./data/fakeNews/adjs//train/
Preprocessing ./data/fakeNews/adjs//train/
removed_idx of ./data/gossipcop_v3_origin.json: 4315
Average train document length: 7.118801471876643
Maximum train document length: 57
Loading ./data/fakeNews/adjs//test/
Preprocessing ./data/fakeNews/adjs//test/
removed_idx of ./data/fakeNews/test.xlsx: []
Loading ./data/fakeNews/adjs//dev/
Preprocessing ./data/fakeNews/adjs//dev/
removed_idx of ./data/fakeNews/balancedtest.csv: 48
PreCost: 0:01:51



--------------------------- Repeat: 0 ---------------------------



---------------------------  Seed: 5  ---------------------------
-----------CompareNet_Max_DET_0620_2259-------------
Times of out of memory:  0
Epoch: 1, Train loss: 0.9768, Train acc: 0.7677, Dev loss: 0.9868, Dev acc: 0.7573
Times of out of memory:  0
Epoch: 2, Train loss: 0.9720, Train acc: 0.7714, Dev loss: 0.9868, Dev acc: 0.7573
Times of out of memory:  0
Epoch: 3, Train loss: 0.9729, Train acc: 0.7714, Dev loss: 0.9868, Dev acc: 0.7573
Times of out of memory:  0
Epoch: 4, Train loss: 0.9723, Train acc: 0.7714, Dev loss: 0.9868, Dev acc: 0.7573
Times of out of memory:  0
Epoch: 5, Train loss: 0.9731, Train acc: 0.7714, Dev loss: 0.9868, Dev acc: 0.7573
Times of out of memory:  0
Epoch: 6, Train loss: 0.9719, Train acc: 0.7714, Dev loss: 0.9868, Dev acc: 0.7573
Times of out of memory:  0
Epoch: 7, Train loss: 0.9723, Train acc: 0.7714, Dev loss: 0.9868, Dev acc: 0.7573
Times of out of memory:  0
Epoch: 8, Train loss: 0.9721, Train acc: 0.7714, Dev loss: 0.9868, Dev acc: 0.7573
Times of out of memory:  0
Epoch: 9, Train loss: 0.9720, Train acc: 0.7714, Dev loss: 0.9868, Dev acc: 0.7573
Times of out of memory:  0
Epoch: 10, Train loss: 0.9723, Train acc: 0.7714, Dev loss: 0.9868, Dev acc: 0.7573
Times of out of memory:  0
Epoch: 11, Train loss: 0.9723, Train acc: 0.7714, Dev loss: 0.9868, Dev acc: 0.7573
Times of out of memory:  0
Epoch: 12, Train loss: 0.9729, Train acc: 0.7714, Dev loss: 0.9868, Dev acc: 0.7573
Times of out of memory:  0
Epoch: 13, Train loss: 0.9726, Train acc: 0.7714, Dev loss: 0.9868, Dev acc: 0.7573
Times of out of memory:  0
Epoch: 14, Train loss: 0.9727, Train acc: 0.7714, Dev loss: 0.9868, Dev acc: 0.7573
Times of out of memory:  0
Epoch: 15, Train loss: 0.9720, Train acc: 0.7714, Dev loss: 0.9868, Dev acc: 0.7573
-----------------------------------------
{'data_loading': 111.8402376419399, 'CompareNet_Max_DET_0620_2259': 317.5653432679828}
Total time taken (in seconds): 431.80105317989364
{
  "root": "./data/fakeNews/",
  "train": "./data/gossipcop_v3_origin.json",
  "dev": "./data/fakeNews/balancedtest.csv",
  "test": "./data/fakeNews/test.xlsx",
  "pte": "",
  "entity_desc": "./data/fakeNews/entityDescCorpus.pkl",
  "entity_tran": "./data/fakeNews/entity_feature_transE.pkl",
  "adjs": "./data/fakeNews/adjs/",
  "emb_dim": 100,
  "hidden_dim": 100,
  "node_emb_dim": 32,
  "max_epochs": 15,
  "max_sent_len": 50,
  "max_sents_in_a_doc": 10000,
  "batch_size": 32,
  "lr": 0.001,
  "dropout": 0.5,
  "ntags": 4,
  "weight_decay": 1e-06,
  "pooling": "max",
  "model_file": "model_CompareNet_Max_DET_0620_2259.t7",
  "plot": 0,
  "mode": 0,
  "cuda": true,
  "device": 0,
  "HALF": true,
  "DEBUG": false,
  "node_type": 3,
  "repeat": 1,
  "seed": [
    5
  ],
  "config": "CompareNet_Max_DET_0620_2259"
}
Accuracy on the OOD test set 2: 0.2490
Precision on the OOD test set 2 macro / micro: 0.0622, 0.2490
Recall on the OOD test set 2 macro / micro: 0.2500, 0.2490
F1 on the OOD test set 2 macro / micro: 0.0997, 0.2490
Latex: 24.90 &  6.22 & 25.00 &  9.97
----------------------------------------------------------------------
Accuracy on the dev set: 0.7573
Precision on the dev set macro / micro: 0.3787, 0.7573
Recall on the dev macro / micro: 0.5000, 0.7573
F1 on the dev macro / micro: 0.4310, 0.7573
Latex: 75.73 & 37.87 & 50.00 & 43.10
